#
# There is insufficient memory for the Java Runtime Environment to continue.
# Native memory allocation (malloc) failed to allocate 131088 bytes for Chunk::new
# Possible reasons:
#   The system is out of physical RAM or swap space
#   In 32 bit mode, the process size limit was hit
# Possible solutions:
#   Reduce memory load on the system
#   Increase physical memory or swap space
#   Check if swap backing store is full
#   Use 64 bit Java on a 64 bit OS
#   Decrease Java heap size (-Xmx/-Xms)
#   Decrease number of Java threads
#   Decrease Java thread stack sizes (-Xss)
#   Set larger code cache with -XX:ReservedCodeCacheSize=
# This output file may be truncated or incomplete.
#
#  Out of Memory Error (allocation.cpp:390), pid=4180, tid=8396
#
# JRE version: Java(TM) SE Runtime Environment (8.0_91-b14) (build 1.8.0_91-b14)
# Java VM: Java HotSpot(TM) 64-Bit Server VM (25.91-b14 mixed mode windows-amd64 compressed oops)
# Failed to write core dump. Minidumps are not enabled by default on client versions of Windows
#

---------------  T H R E A D  ---------------

Current thread (0x0000000015d11000):  JavaThread "C2 CompilerThread1" daemon [_thread_in_native, id=8396, stack(0x00000000163f0000,0x00000000164f0000)]

Stack: [0x00000000163f0000,0x00000000164f0000]
[error occurred during error reporting (printing stack bounds), id 0xc0000005]

Native frames: (J=compiled Java code, j=interpreted, Vv=VM code, C=native code)


Current CompileTask:
C2:  20038 2388       4       com.android.dx.dex.code.DalvCode::finishProcessingIfNecessary (69 bytes)


---------------  P R O C E S S  ---------------

Java Threads: ( => current thread )
  0x0000000015d90000 JavaThread "Service Thread" daemon [_thread_blocked, id=172, stack(0x00000000165f0000,0x00000000166f0000)]
  0x0000000015d6a000 JavaThread "C1 CompilerThread2" daemon [_thread_blocked, id=5576, stack(0x00000000164f0000,0x00000000165f0000)]
=>0x0000000015d11000 JavaThread "C2 CompilerThread1" daemon [_thread_in_native, id=8396, stack(0x00000000163f0000,0x00000000164f0000)]
  0x0000000015d09000 JavaThread "C2 CompilerThread0" daemon [_thread_blocked, id=8076, stack(0x00000000162f0000,0x00000000163f0000)]
  0x0000000015d06000 JavaThread "Attach Listener" daemon [_thread_blocked, id=6376, stack(0x00000000161f0000,0x00000000162f0000)]
  0x0000000015d03800 JavaThread "Signal Dispatcher" daemon [_thread_blocked, id=4308, stack(0x00000000160f0000,0x00000000161f0000)]
  0x00000000148d7800 JavaThread "Finalizer" daemon [_thread_blocked, id=6084, stack(0x0000000015b00000,0x0000000015c00000)]
  0x00000000148a7000 JavaThread "Reference Handler" daemon [_thread_blocked, id=8772, stack(0x0000000015a00000,0x0000000015b00000)]
  0x0000000001d76800 JavaThread "main" [_thread_in_native, id=5468, stack(0x0000000000510000,0x0000000000610000)]

Other Threads:
  0x0000000014895800 VMThread [stack: 0x0000000015900000,0x0000000015a00000] [id=200]
  0x0000000015d97800 WatcherThread [stack: 0x00000000166f0000,0x00000000167f0000] [id=7276]

VM state:not at safepoint (normal execution)

VM Mutex/Monitor currently owned by a thread: None

Heap:
 PSYoungGen      total 71680K, used 1229K [0x00000000eab00000, 0x00000000ef600000, 0x0000000100000000)
  eden space 66560K, 1% used [0x00000000eab00000,0x00000000eac33480,0x00000000eec00000)
  from space 5120K, 0% used [0x00000000ef100000,0x00000000ef100000,0x00000000ef600000)
  to   space 5120K, 0% used [0x00000000eec00000,0x00000000eec00000,0x00000000ef100000)
 ParOldGen       total 60416K, used 13283K [0x00000000c0000000, 0x00000000c3b00000, 0x00000000eab00000)
  object space 60416K, 21% used [0x00000000c0000000,0x00000000c0cf8d58,0x00000000c3b00000)
 Metaspace       used 7018K, capacity 7608K, committed 7936K, reserved 1058816K
  class space    used 658K, capacity 688K, committed 768K, reserved 1048576K

Card table byte_map: [0x00000000115a0000,0x00000000117b0000] byte_map_base: 0x0000000010fa0000

Marking Bits: (ParMarkBitMap*) 0x0000000062cc2f70
 Begin Bits: [0x0000000011d10000, 0x0000000012d10000)
 End Bits:   [0x0000000012d10000, 0x0000000013d10000)

Polling page: 0x0000000000330000

CodeCache: size=245760Kb used=10395Kb max_used=10519Kb free=235364Kb
 bounds [0x00000000021e0000, 0x0000000002c30000, 0x00000000111e0000]
 total_blobs=2582 nmethods=2305 adapters=189
 compilation: enabled

Compilation events (10 events):
Event: 17.720 Thread 0x0000000015d09000 nmethod 2392 0x0000000002bedd50 code [0x0000000002bedea0, 0x0000000002bedfd8]
Event: 17.720 Thread 0x0000000015d09000 2393       4       com.android.dx.dex.code.form.Form35c::wordCount (74 bytes)
Event: 17.720 Thread 0x0000000015d6a000 2394       3       com.android.dx.dex.code.form.Form21t::writeTo (34 bytes)
Event: 17.721 Thread 0x0000000015d6a000 nmethod 2394 0x0000000002bee150 code [0x0000000002bee360, 0x0000000002beef98]
Event: 17.721 Thread 0x0000000015d6a000 2395       3       com.android.dx.dex.file.CodeItem::writeTo0 (489 bytes)
Event: 17.725 Thread 0x0000000015d09000 nmethod 2393 0x0000000002bf3ad0 code [0x0000000002bf3c40, 0x0000000002bf3f18]
Event: 17.725 Thread 0x0000000015d09000 2398       4       com.android.dx.dex.code.FixedSizeInsn::writeTo (13 bytes)
Event: 17.726 Thread 0x0000000015d09000 nmethod 2398 0x0000000002beda90 code [0x0000000002bedbe0, 0x0000000002bedc78]
Event: 17.726 Thread 0x0000000015d09000 2402       4       com.android.dx.dex.code.InsnFormat::opcodeUnit (54 bytes)
Event: 17.727 Thread 0x0000000015d09000 nmethod 2402 0x0000000002bf0b10 code [0x0000000002bf0c40, 0x0000000002bf0cf8]

GC Heap History (6 events):
Event: 3.563 GC heap before
{Heap before GC invocations=1 (full 0):
 PSYoungGen      total 38400K, used 33280K [0x00000000eab00000, 0x00000000ed580000, 0x0000000100000000)
  eden space 33280K, 100% used [0x00000000eab00000,0x00000000ecb80000,0x00000000ecb80000)
  from space 5120K, 0% used [0x00000000ed080000,0x00000000ed080000,0x00000000ed580000)
  to   space 5120K, 0% used [0x00000000ecb80000,0x00000000ecb80000,0x00000000ed080000)
 ParOldGen       total 87552K, used 0K [0x00000000c0000000, 0x00000000c5580000, 0x00000000eab00000)
  object space 87552K, 0% used [0x00000000c0000000,0x00000000c0000000,0x00000000c5580000)
 Metaspace       used 6035K, capacity 6960K, committed 7040K, reserved 1056768K
  class space    used 601K, capacity 616K, committed 640K, reserved 1048576K
Event: 4.057 GC heap after
Heap after GC invocations=1 (full 0):
 PSYoungGen      total 38400K, used 5114K [0x00000000eab00000, 0x00000000ef600000, 0x0000000100000000)
  eden space 33280K, 0% used [0x00000000eab00000,0x00000000eab00000,0x00000000ecb80000)
  from space 5120K, 99% used [0x00000000ecb80000,0x00000000ed07eaa8,0x00000000ed080000)
  to   space 5120K, 0% used [0x00000000ef100000,0x00000000ef100000,0x00000000ef600000)
 ParOldGen       total 87552K, used 1590K [0x00000000c0000000, 0x00000000c5580000, 0x00000000eab00000)
  object space 87552K, 1% used [0x00000000c0000000,0x00000000c018d890,0x00000000c5580000)
 Metaspace       used 6035K, capacity 6960K, committed 7040K, reserved 1056768K
  class space    used 601K, capacity 616K, committed 640K, reserved 1048576K
}
Event: 5.325 GC heap before
{Heap before GC invocations=2 (full 0):
 PSYoungGen      total 38400K, used 38394K [0x00000000eab00000, 0x00000000ef600000, 0x0000000100000000)
  eden space 33280K, 100% used [0x00000000eab00000,0x00000000ecb80000,0x00000000ecb80000)
  from space 5120K, 99% used [0x00000000ecb80000,0x00000000ed07eaa8,0x00000000ed080000)
  to   space 5120K, 0% used [0x00000000ef100000,0x00000000ef100000,0x00000000ef600000)
 ParOldGen       total 87552K, used 1590K [0x00000000c0000000, 0x00000000c5580000, 0x00000000eab00000)
  object space 87552K, 1% used [0x00000000c0000000,0x00000000c018d890,0x00000000c5580000)
 Metaspace       used 6181K, capacity 7026K, committed 7296K, reserved 1056768K
  class space    used 603K, capacity 618K, committed 640K, reserved 1048576K
Event: 6.094 GC heap after
Heap after GC invocations=2 (full 0):
 PSYoungGen      total 71680K, used 5118K [0x00000000eab00000, 0x00000000ef600000, 0x0000000100000000)
  eden space 66560K, 0% used [0x00000000eab00000,0x00000000eab00000,0x00000000eec00000)
  from space 5120K, 99% used [0x00000000ef100000,0x00000000ef5ff868,0x00000000ef600000)
  to   space 5120K, 0% used [0x00000000eec00000,0x00000000eec00000,0x00000000ef100000)
 ParOldGen       total 87552K, used 6022K [0x00000000c0000000, 0x00000000c5580000, 0x00000000eab00000)
  object space 87552K, 6% used [0x00000000c0000000,0x00000000c05e1920,0x00000000c5580000)
 Metaspace       used 6181K, capacity 7026K, committed 7296K, reserved 1056768K
  class space    used 603K, capacity 618K, committed 640K, reserved 1048576K
}
Event: 11.664 GC heap before
{Heap before GC invocations=3 (full 0):
 PSYoungGen      total 71680K, used 71678K [0x00000000eab00000, 0x00000000ef600000, 0x0000000100000000)
  eden space 66560K, 100% used [0x00000000eab00000,0x00000000eec00000,0x00000000eec00000)
  from space 5120K, 99% used [0x00000000ef100000,0x00000000ef5ff868,0x00000000ef600000)
  to   space 5120K, 0% used [0x00000000eec00000,0x00000000eec00000,0x00000000ef100000)
 ParOldGen       total 87552K, used 6022K [0x00000000c0000000, 0x00000000c5580000, 0x00000000eab00000)
  object space 87552K, 6% used [0x00000000c0000000,0x00000000c05e1920,0x00000000c5580000)
 Metaspace       used 6327K, capacity 7154K, committed 7296K, reserved 1056768K
  class space    used 604K, capacity 618K, committed 640K, reserved 1048576K
Event: 12.888 GC heap after
Heap after GC invocations=3 (full 0):
 PSYoungGen      total 71680K, used 5095K [0x00000000eab00000, 0x00000000ef600000, 0x0000000100000000)
  eden space 66560K, 0% used [0x00000000eab00000,0x00000000eab00000,0x00000000eec00000)
  from space 5120K, 99% used [0x00000000eec00000,0x00000000ef0f9e50,0x00000000ef100000)
  to   space 5120K, 0% used [0x00000000ef100000,0x00000000ef100000,0x00000000ef600000)
 ParOldGen       total 87552K, used 16158K [0x00000000c0000000, 0x00000000c5580000, 0x00000000eab00000)
  object space 87552K, 18% used [0x00000000c0000000,0x00000000c0fc7950,0x00000000c5580000)
 Metaspace       used 6327K, capacity 7154K, committed 7296K, reserved 1056768K
  class space    used 604K, capacity 618K, committed 640K, reserved 1048576K
}

Deoptimization events (10 events):
Event: 12.918 Thread 0x0000000016949000 Uncommon trap: reason=unstable_if action=reinterpret pc=0x000000000282b834 method=com.android.dx.rop.code.LocalItem.compareHandlesNulls(Lcom/android/dx/rop/cst/CstString;Lcom/android/dx/rop/cst/CstString;)I @ 14
Event: 12.918 Thread 0x0000000016949000 Uncommon trap: reason=unstable_if action=reinterpret pc=0x00000000027ab810 method=com.android.dx.rop.code.LocalItem.compareHandlesNulls(Lcom/android/dx/rop/cst/CstString;Lcom/android/dx/rop/cst/CstString;)I @ 14
Event: 12.919 Thread 0x0000000016949000 Uncommon trap: reason=unstable_if action=reinterpret pc=0x00000000029b855c method=com.android.dx.rop.code.LocalItem.compareHandlesNulls(Lcom/android/dx/rop/cst/CstString;Lcom/android/dx/rop/cst/CstString;)I @ 14
Event: 15.206 Thread 0x00000000197e0000 Uncommon trap: reason=class_check action=maybe_recompile pc=0x00000000026a7304 method=java.util.HashMap.putVal(ILjava/lang/Object;Ljava/lang/Object;ZZ)Ljava/lang/Object; @ 203
Event: 15.211 Thread 0x00000000197e0000 Uncommon trap: reason=class_check action=maybe_recompile pc=0x00000000026a7304 method=java.util.HashMap.putVal(ILjava/lang/Object;Ljava/lang/Object;ZZ)Ljava/lang/Object; @ 203
Event: 15.214 Thread 0x00000000197e0000 Uncommon trap: reason=class_check action=maybe_recompile pc=0x00000000026a7304 method=java.util.HashMap.putVal(ILjava/lang/Object;Ljava/lang/Object;ZZ)Ljava/lang/Object; @ 203
Event: 17.134 Thread 0x00000000197e0000 Uncommon trap: reason=unstable_if action=reinterpret pc=0x00000000029c5768 method=java.util.TreeMap.put(Ljava/lang/Object;Ljava/lang/Object;)Ljava/lang/Object; @ 163
Event: 17.159 Thread 0x00000000197e0000 Uncommon trap: reason=unstable_if action=reinterpret pc=0x0000000002ac3ee4 method=java.util.ArrayList.<init>(I)V @ 5
Event: 17.617 Thread 0x00000000197e0000 Uncommon trap: reason=unstable_if action=reinterpret pc=0x00000000026b4bbc method=java.lang.Long.numberOfTrailingZeros(J)I @ 3
Event: 17.642 Thread 0x00000000197e0000 Uncommon trap: reason=unstable_if action=reinterpret pc=0x0000000002b61044 method=com.android.dx.util.ByteArrayAnnotatedOutput.writeByte(I)V @ 13

Internal exceptions (7 events):
Event: 0.222 Thread 0x0000000001d76800 Exception <a 'java/lang/NoSuchMethodError': Method sun.misc.Unsafe.defineClass(Ljava/lang/String;[BII)Ljava/lang/Class; name or signature does not match> (0x00000000eab07cc0) thrown at [C:\re\workspace\8-2-build-windows-amd64-cygwin\jdk8u91\6644\hotspot\sr;’óNFfÌ?
Event: 0.222 Thread 0x0000000001d76800 Exception <a 'java/lang/NoSuchMethodError': Method sun.misc.Unsafe.prefetchRead(Ljava/lang/Object;J)V name or signature does not match> (0x00000000eab07fa8) thrown at [C:\re\workspace\8-2-build-windows-amd64-cygwin\jdk8u91\6644\hotspot\src\share\vm\prims\jÝê@Öƒ‹
@
Event: 3.318 Thread 0x0000000016944000 Implicit null exception at 0x00000000026a3a22 to 0x00000000026a3b12
Event: 4.138 Thread 0x0000000016909800 Implicit null exception at 0x0000000002563d58 to 0x00000000025647c9
Event: 12.918 Thread 0x0000000016949000 Implicit null exception at 0x00000000028299e2 to 0x000000000282b7cd
Event: 12.918 Thread 0x0000000016949000 Implicit null exception at 0x00000000027aa5af to 0x00000000027ab7d5
Event: 12.919 Thread 0x0000000016949000 Implicit null exception at 0x00000000029b6aba to 0x00000000029b84f1

Events (10 events):
Event: 17.617 Thread 0x00000000197e0000 Uncommon trap: trap_request=0xffffff65 fr.pc=0x00000000026b4bbc
Event: 17.617 Thread 0x00000000197e0000 DEOPT PACKING pc=0x00000000026b4bbc sp=0x00000000171eea10
Event: 17.617 Thread 0x00000000197e0000 DEOPT UNPACKING pc=0x000000000222582a sp=0x00000000171ee9a0 mode 2
Event: 17.634 loading class com/android/dx/dex/file/MapItem
Event: 17.634 loading class com/android/dx/dex/file/MapItem done
Event: 17.641 loading class com/android/dex/DexFormat
Event: 17.641 loading class com/android/dex/DexFormat done
Event: 17.642 Thread 0x00000000197e0000 Uncommon trap: trap_request=0xffffff65 fr.pc=0x0000000002b61044
Event: 17.642 Thread 0x00000000197e0000 DEOPT PACKING pc=0x0000000002b61044 sp=0x00000000171eebd0
Event: 17.642 Thread 0x00000000197e0000 DEOPT UNPACKING pc=0x000000000222582a sp=0x00000000171eeb88 mode 2


Dynamic libraries:
0x00007ff777400000 - 0x00007ff777437000 	C:\Program Files\Java\jdk1.8.0_91\bin\java.exe
0x00007ffcf1000000 - 0x00007ffcf11ad000 	C:\Windows\SYSTEM32\ntdll.dll
0x00007ffcef600000 - 0x00007ffcef73e000 	C:\Windows\system32\KERNEL32.DLL
0x00007ffcee200000 - 0x00007ffcee315000 	C:\Windows\system32\KERNELBASE.dll
0x00007ffceccd0000 - 0x00007ffcecd5e000 	C:\Windows\system32\apphelp.dll
0x00007ffce1500000 - 0x00007ffce1553000 	C:\Windows\AppPatch\AppPatch64\AcGenral.DLL
0x00007ffcf0c80000 - 0x00007ffcf0d2a000 	C:\Windows\system32\msvcrt.dll
0x00007ffcee500000 - 0x00007ffcee52e000 	C:\Windows\system32\SspiCli.dll
0x00007ffcf0da0000 - 0x00007ffcf0df4000 	C:\Windows\system32\SHLWAPI.dll
0x00007ffceef70000 - 0x00007ffcef0e7000 	C:\Windows\system32\USER32.dll
0x00007ffcef460000 - 0x00007ffcef5f4000 	C:\Windows\system32\ole32.dll
0x00007ffcef740000 - 0x00007ffcf0c6a000 	C:\Windows\system32\SHELL32.dll
0x00007ffced730000 - 0x00007ffced751000 	C:\Windows\SYSTEM32\USERENV.dll
0x00007ffcf0e00000 - 0x00007ffcf0eaa000 	C:\Windows\system32\ADVAPI32.dll
0x00007ffce4590000 - 0x00007ffce45ae000 	C:\Windows\SYSTEM32\MPR.dll
0x00007ffcef0f0000 - 0x00007ffcef230000 	C:\Windows\system32\RPCRT4.dll
0x00007ffcf0d30000 - 0x00007ffcf0d89000 	C:\Windows\SYSTEM32\sechost.dll
0x00007ffcef230000 - 0x00007ffcef441000 	C:\Windows\SYSTEM32\combase.dll
0x00007ffcf0eb0000 - 0x00007ffcf1000000 	C:\Windows\system32\GDI32.dll
0x00007ffcee130000 - 0x00007ffcee145000 	C:\Windows\SYSTEM32\profapi.dll
0x00007ffcc51c0000 - 0x00007ffcc5641000 	C:\Windows\AppPatch\AppPatch64\AcLayers.DLL
0x00007ffce6730000 - 0x00007ffce6733000 	C:\Windows\SYSTEM32\sfc.dll
0x00007ffceb610000 - 0x00007ffceb692000 	C:\Windows\SYSTEM32\WINSPOOL.DRV
0x00007ffce3030000 - 0x00007ffce3042000 	C:\Windows\SYSTEM32\sfc_os.DLL
0x00007ffcecbf0000 - 0x00007ffcecca2000 	C:\Windows\SYSTEM32\SHCORE.dll
0x00007ffcee880000 - 0x00007ffcee8b6000 	C:\Windows\system32\IMM32.DLL
0x00007ffcee8c0000 - 0x00007ffceea12000 	C:\Windows\system32\MSCTF.dll
0x00007ffcee0f0000 - 0x00007ffcee11f000 	C:\Windows\system32\nvinitx.dll
0x00007ffce65f0000 - 0x00007ffce6601000 	C:\Windows\SYSTEM32\SortWindows61.dll
0x00007ffcec090000 - 0x00007ffcec30b000 	C:\Windows\WinSxS\amd64_microsoft.windows.common-controls_6595b64144ccf1df_6.0.9600.18006_none_623f33d3ecbe86e8\COMCTL32.dll
0x0000000062d50000 - 0x0000000062e22000 	C:\Program Files\Java\jdk1.8.0_91\jre\bin\msvcr100.dll
0x00000000624b0000 - 0x0000000062d43000 	C:\Program Files\Java\jdk1.8.0_91\jre\bin\server\jvm.dll
0x00007ffce3c70000 - 0x00007ffce3c79000 	C:\Windows\SYSTEM32\WSOCK32.dll
0x00007ffceb710000 - 0x00007ffceb732000 	C:\Windows\SYSTEM32\WINMM.dll
0x00007ffcec510000 - 0x00007ffcec51a000 	C:\Windows\SYSTEM32\VERSION.dll
0x00007ffcf0c70000 - 0x00007ffcf0c77000 	C:\Windows\system32\PSAPI.DLL
0x00007ffceef10000 - 0x00007ffceef6a000 	C:\Windows\system32\WS2_32.dll
0x00007ffceb5c0000 - 0x00007ffceb5ea000 	C:\Windows\SYSTEM32\WINMMBASE.dll
0x00007ffcf0d90000 - 0x00007ffcf0d99000 	C:\Windows\system32\NSI.dll
0x00007ffcee530000 - 0x00007ffcee57f000 	C:\Windows\SYSTEM32\cfgmgr32.dll
0x00007ffcecf20000 - 0x00007ffcecf48000 	C:\Windows\SYSTEM32\DEVOBJ.dll
0x00000000624a0000 - 0x00000000624af000 	C:\Program Files\Java\jdk1.8.0_91\jre\bin\verify.dll
0x0000000062470000 - 0x0000000062499000 	C:\Program Files\Java\jdk1.8.0_91\jre\bin\java.dll
0x0000000062450000 - 0x0000000062466000 	C:\Program Files\Java\jdk1.8.0_91\jre\bin\zip.dll

VM Arguments:
jvm_args: -Djava.awt.headless=true -Xmx1024M -Dfile.encoding=windows-1250 -Duser.country=PL -Duser.language=pl -Duser.variant 
java_command: com.android.dx.command.Main --dex --force-jumbo --num-threads=4 --multi-dex --output C:\Users\aniook\Desktop\martyna\martyna\app\build\intermediates\transforms\dex\debug\folders\1000\10\com.android.support-design-23.2.1_3bc3b0aa033ba77c07326ae2de43e46025cf28a0 C:\Users\aniook\Desktop\martyna\martyna\app\build\intermediates\exploded-aar\com.android.support\design\23.2.1\jars\classes.jar
java_class_path (initial): C:\Users\aniook\AppData\Local\Android\sdk\build-tools\23.0.2\lib\dx.jar
Launcher Type: SUN_STANDARD

Environment Variables:
JAVA_HOME=C:\Program Files\Java\jdk1.8.0_91
PATH=C:\Program Files (x86)\Intel\iCLS Client\;C:\Program Files\Intel\iCLS Client\;C:\ProgramData\Oracle\Java\javapath;C:\Program Files (x86)\NVIDIA Corporation\PhysX\Common;C:\Windows\system32;C:\Windows;C:\Windows\System32\Wbem;C:\Windows\System32\WindowsPowerShell\v1.0\;C:\Program Files (x86)\Intel\OpenCL SDK\2.0\bin\x86;C:\Program Files (x86)\Intel\OpenCL SDK\2.0\bin\x64;C:\Program Files\Intel\WiFi\bin\;C:\Program Files\Common Files\Intel\WirelessCommon\;C:\Program Files (x86)\QuickTime\QTSystem\;C:\Program Files (x86)\Windows Live\Shared;C:\Aldec\Active-HDL 8.3\BIN;;C:\Program Files\Intel\Intel(R) Management Engine Components\DAL;C:\Program Files\Intel\Intel(R) Management Engine Components\IPT;C:\Program Files (x86)\Intel\Intel(R) Management Engine Components\DAL;C:\Program Files (x86)\Intel\Intel(R) Management Engine Components\IPT;C:\Modeltech_xe\win32xoem;.;;.;
USERNAME=aniook
OS=Windows_NT
PROCESSOR_IDENTIFIER=Intel64 Family 6 Model 58 Stepping 9, GenuineIntel



---------------  S Y S T E M  ---------------

OS: Windows 8.1 , 64 bit Build 9600 (6.3.9600.17415)

CPU:total 4 (2 cores per cpu, 2 threads per core) family 6 model 58 stepping 9, cmov, cx8, fxsr, mmx, sse, sse2, sse3, ssse3, sse4.1, sse4.2, popcnt, avx, aes, clmul, erms, ht, tsc, tscinvbit, tscinv

Memory: 4k page, physical 8288616k(865608k free), swap 11047504k(42844k free)

vm_info: Java HotSpot(TM) 64-Bit Server VM (25.91-b14) for windows-amd64 JRE (1.8.0_91-b14), built on Apr  1 2016 00:58:32 by "java_re" with MS VC++ 10.0 (VS2010)

time: Mon May 30 07:19:10 2016
elapsed time: 20 seconds (0d 0h 0m 20s)

