#
# There is insufficient memory for the Java Runtime Environment to continue.
# Native memory allocation (malloc) failed to allocate 905136 bytes for Chunk::new
# Possible reasons:
#   The system is out of physical RAM or swap space
#   In 32 bit mode, the process size limit was hit
# Possible solutions:
#   Reduce memory load on the system
#   Increase physical memory or swap space
#   Check if swap backing store is full
#   Use 64 bit Java on a 64 bit OS
#   Decrease Java heap size (-Xmx/-Xms)
#   Decrease number of Java threads
#   Decrease Java thread stack sizes (-Xss)
#   Set larger code cache with -XX:ReservedCodeCacheSize=
# This output file may be truncated or incomplete.
#
#  Out of Memory Error (allocation.cpp:390), pid=968, tid=5820
#
# JRE version: Java(TM) SE Runtime Environment (8.0_91-b14) (build 1.8.0_91-b14)
# Java VM: Java HotSpot(TM) 64-Bit Server VM (25.91-b14 mixed mode windows-amd64 compressed oops)
# Failed to write core dump. Minidumps are not enabled by default on client versions of Windows
#

---------------  T H R E A D  ---------------

Current thread (0x00000000164a9000):  JavaThread "C2 CompilerThread0" daemon [_thread_in_native, id=5820, stack(0x0000000016a90000,0x0000000016b90000)]

Stack: [0x0000000016a90000,0x0000000016b90000]
[error occurred during error reporting (printing stack bounds), id 0xc0000005]

Native frames: (J=compiled Java code, j=interpreted, Vv=VM code, C=native code)


Current CompileTask:
C2:  20100 2658 %     4       com.android.dx.dex.code.LocalList::make @ 16 (102 bytes)


---------------  P R O C E S S  ---------------

Java Threads: ( => current thread )
  0x000000001654a800 JavaThread "Service Thread" daemon [_thread_blocked, id=7184, stack(0x0000000016d90000,0x0000000016e90000)]
  0x00000000164bb800 JavaThread "C1 CompilerThread2" daemon [_thread_blocked, id=8196, stack(0x0000000016c90000,0x0000000016d90000)]
  0x00000000164ba000 JavaThread "C2 CompilerThread1" daemon [_thread_in_native, id=6976, stack(0x0000000016b90000,0x0000000016c90000)]
=>0x00000000164a9000 JavaThread "C2 CompilerThread0" daemon [_thread_in_native, id=5820, stack(0x0000000016a90000,0x0000000016b90000)]
  0x00000000164a6000 JavaThread "Attach Listener" daemon [_thread_blocked, id=4616, stack(0x0000000016990000,0x0000000016a90000)]
  0x00000000164a3800 JavaThread "Signal Dispatcher" daemon [_thread_blocked, id=8960, stack(0x0000000016890000,0x0000000016990000)]
  0x0000000015077800 JavaThread "Finalizer" daemon [_thread_blocked, id=7404, stack(0x00000000162a0000,0x00000000163a0000)]
  0x0000000015047000 JavaThread "Reference Handler" daemon [_thread_blocked, id=32, stack(0x00000000161a0000,0x00000000162a0000)]
  0x00000000027d6800 JavaThread "main" [_thread_in_native, id=6476, stack(0x00000000023c0000,0x00000000024c0000)]

Other Threads:
  0x0000000015036000 VMThread [stack: 0x00000000160a0000,0x00000000161a0000] [id=6988]
  0x0000000016563000 WatcherThread [stack: 0x0000000016e90000,0x0000000016f90000] [id=6920]

VM state:not at safepoint (normal execution)

VM Mutex/Monitor currently owned by a thread: None

Heap:
 PSYoungGen      total 138240K, used 16312K [0x00000000eab00000, 0x00000000f3700000, 0x0000000100000000)
  eden space 133120K, 8% used [0x00000000eab00000,0x00000000eb5ee598,0x00000000f2d00000)
  from space 5120K, 99% used [0x00000000f2d00000,0x00000000f31ffde8,0x00000000f3200000)
  to   space 5120K, 0% used [0x00000000f3200000,0x00000000f3200000,0x00000000f3700000)
 ParOldGen       total 87552K, used 43652K [0x00000000c0000000, 0x00000000c5580000, 0x00000000eab00000)
  object space 87552K, 49% used [0x00000000c0000000,0x00000000c2aa1258,0x00000000c5580000)
 Metaspace       used 7263K, capacity 7768K, committed 7936K, reserved 1056768K
  class space    used 678K, capacity 720K, committed 768K, reserved 1048576K

Card table byte_map: [0x0000000011d40000,0x0000000011f50000] byte_map_base: 0x0000000011740000

Marking Bits: (ParMarkBitMap*) 0x0000000062cc2f70
 Begin Bits: [0x00000000124b0000, 0x00000000134b0000)
 End Bits:   [0x00000000134b0000, 0x00000000144b0000)

Polling page: 0x0000000000c20000

CodeCache: size=245760Kb used=12464Kb max_used=12464Kb free=233295Kb
 bounds [0x0000000002980000, 0x00000000035c0000, 0x0000000011980000]
 total_blobs=2986 nmethods=2709 adapters=189
 compilation: enabled

Compilation events (10 events):
Event: 17.934 Thread 0x00000000164ba000 nmethod 2652 0x00000000034ed510 code [0x00000000034ed6a0, 0x00000000034edb98]
Event: 17.934 Thread 0x00000000164ba000 2653       4       com.android.dx.dex.code.DalvInsnList::makeImmutable (51 bytes)
Event: 17.939 Thread 0x00000000164a9000 nmethod 2659 0x00000000034fb050 code [0x00000000034fb1a0, 0x00000000034fb4b8]
Event: 17.939 Thread 0x00000000164a9000 2658 %     4       com.android.dx.dex.code.LocalList::make @ 16 (102 bytes)
Event: 17.942 Thread 0x00000000164ba000 nmethod 2653 0x00000000034f7810 code [0x00000000034f7960, 0x00000000034f7d18]
Event: 17.942 Thread 0x00000000164ba000 2650 %     4       com.android.dx.dex.code.OutputFinisher::massageInstructions @ 17 (89 bytes)
Event: 17.952 Thread 0x00000000164ba000 nmethod 2650% 0x00000000034fb850 code [0x00000000034fb9e0, 0x00000000034fc058]
Event: 17.952 Thread 0x00000000164ba000 2651       4       com.android.dx.dex.code.CstInsn::getIndex (42 bytes)
Event: 17.953 Thread 0x00000000164ba000 nmethod 2651 0x00000000034e19d0 code [0x00000000034e1b00, 0x00000000034e1b78]
Event: 17.953 Thread 0x00000000164ba000 2649   !   4       com.android.dx.rop.cst.CstType::intern (48 bytes)

GC Heap History (8 events):
Event: 1.271 GC heap before
{Heap before GC invocations=1 (full 0):
 PSYoungGen      total 38400K, used 33280K [0x00000000eab00000, 0x00000000ed580000, 0x0000000100000000)
  eden space 33280K, 100% used [0x00000000eab00000,0x00000000ecb80000,0x00000000ecb80000)
  from space 5120K, 0% used [0x00000000ed080000,0x00000000ed080000,0x00000000ed580000)
  to   space 5120K, 0% used [0x00000000ecb80000,0x00000000ecb80000,0x00000000ed080000)
 ParOldGen       total 87552K, used 0K [0x00000000c0000000, 0x00000000c5580000, 0x00000000eab00000)
  object space 87552K, 0% used [0x00000000c0000000,0x00000000c0000000,0x00000000c5580000)
 Metaspace       used 6025K, capacity 6898K, committed 7040K, reserved 1056768K
  class space    used 603K, capacity 618K, committed 640K, reserved 1048576K
Event: 1.301 GC heap after
Heap after GC invocations=1 (full 0):
 PSYoungGen      total 38400K, used 5099K [0x00000000eab00000, 0x00000000ef600000, 0x0000000100000000)
  eden space 33280K, 0% used [0x00000000eab00000,0x00000000eab00000,0x00000000ecb80000)
  from space 5120K, 99% used [0x00000000ecb80000,0x00000000ed07ac60,0x00000000ed080000)
  to   space 5120K, 0% used [0x00000000ef100000,0x00000000ef100000,0x00000000ef600000)
 ParOldGen       total 87552K, used 1175K [0x00000000c0000000, 0x00000000c5580000, 0x00000000eab00000)
  object space 87552K, 1% used [0x00000000c0000000,0x00000000c0125dd8,0x00000000c5580000)
 Metaspace       used 6025K, capacity 6898K, committed 7040K, reserved 1056768K
  class space    used 603K, capacity 618K, committed 640K, reserved 1048576K
}
Event: 1.887 GC heap before
{Heap before GC invocations=2 (full 0):
 PSYoungGen      total 38400K, used 38379K [0x00000000eab00000, 0x00000000ef600000, 0x0000000100000000)
  eden space 33280K, 100% used [0x00000000eab00000,0x00000000ecb80000,0x00000000ecb80000)
  from space 5120K, 99% used [0x00000000ecb80000,0x00000000ed07ac60,0x00000000ed080000)
  to   space 5120K, 0% used [0x00000000ef100000,0x00000000ef100000,0x00000000ef600000)
 ParOldGen       total 87552K, used 1175K [0x00000000c0000000, 0x00000000c5580000, 0x00000000eab00000)
  object space 87552K, 1% used [0x00000000c0000000,0x00000000c0125dd8,0x00000000c5580000)
 Metaspace       used 6216K, capacity 7090K, committed 7296K, reserved 1056768K
  class space    used 604K, capacity 618K, committed 640K, reserved 1048576K
Event: 2.025 GC heap after
Heap after GC invocations=2 (full 0):
 PSYoungGen      total 71680K, used 5103K [0x00000000eab00000, 0x00000000ef600000, 0x0000000100000000)
  eden space 66560K, 0% used [0x00000000eab00000,0x00000000eab00000,0x00000000eec00000)
  from space 5120K, 99% used [0x00000000ef100000,0x00000000ef5fbd60,0x00000000ef600000)
  to   space 5120K, 0% used [0x00000000eec00000,0x00000000eec00000,0x00000000ef100000)
 ParOldGen       total 87552K, used 5300K [0x00000000c0000000, 0x00000000c5580000, 0x00000000eab00000)
  object space 87552K, 6% used [0x00000000c0000000,0x00000000c052d0a0,0x00000000c5580000)
 Metaspace       used 6216K, capacity 7090K, committed 7296K, reserved 1056768K
  class space    used 604K, capacity 618K, committed 640K, reserved 1048576K
}
Event: 4.416 GC heap before
{Heap before GC invocations=3 (full 0):
 PSYoungGen      total 71680K, used 71663K [0x00000000eab00000, 0x00000000ef600000, 0x0000000100000000)
  eden space 66560K, 100% used [0x00000000eab00000,0x00000000eec00000,0x00000000eec00000)
  from space 5120K, 99% used [0x00000000ef100000,0x00000000ef5fbd60,0x00000000ef600000)
  to   space 5120K, 0% used [0x00000000eec00000,0x00000000eec00000,0x00000000ef100000)
 ParOldGen       total 87552K, used 5300K [0x00000000c0000000, 0x00000000c5580000, 0x00000000eab00000)
  object space 87552K, 6% used [0x00000000c0000000,0x00000000c052d0a0,0x00000000c5580000)
 Metaspace       used 6383K, capacity 7192K, committed 7424K, reserved 1056768K
  class space    used 625K, capacity 656K, committed 768K, reserved 1048576K
Event: 4.996 GC heap after
Heap after GC invocations=3 (full 0):
 PSYoungGen      total 71680K, used 5101K [0x00000000eab00000, 0x00000000f3700000, 0x0000000100000000)
  eden space 66560K, 0% used [0x00000000eab00000,0x00000000eab00000,0x00000000eec00000)
  from space 5120K, 99% used [0x00000000eec00000,0x00000000ef0fb598,0x00000000ef100000)
  to   space 5120K, 0% used [0x00000000f3200000,0x00000000f3200000,0x00000000f3700000)
 ParOldGen       total 87552K, used 15050K [0x00000000c0000000, 0x00000000c5580000, 0x00000000eab00000)
  object space 87552K, 17% used [0x00000000c0000000,0x00000000c0eb2a00,0x00000000c5580000)
 Metaspace       used 6383K, capacity 7192K, committed 7424K, reserved 1056768K
  class space    used 625K, capacity 656K, committed 768K, reserved 1048576K
}
Event: 7.368 GC heap before
{Heap before GC invocations=4 (full 0):
 PSYoungGen      total 71680K, used 71661K [0x00000000eab00000, 0x00000000f3700000, 0x0000000100000000)
  eden space 66560K, 100% used [0x00000000eab00000,0x00000000eec00000,0x00000000eec00000)
  from space 5120K, 99% used [0x00000000eec00000,0x00000000ef0fb598,0x00000000ef100000)
  to   space 5120K, 0% used [0x00000000f3200000,0x00000000f3200000,0x00000000f3700000)
 ParOldGen       total 87552K, used 15050K [0x00000000c0000000, 0x00000000c5580000, 0x00000000eab00000)
  object space 87552K, 17% used [0x00000000c0000000,0x00000000c0eb2a00,0x00000000c5580000)
 Metaspace       used 6424K, capacity 7192K, committed 7424K, reserved 1056768K
  class space    used 625K, capacity 656K, committed 768K, reserved 1048576K
Event: 8.359 GC heap after
Heap after GC invocations=4 (full 0):
 PSYoungGen      total 138240K, used 5118K [0x00000000eab00000, 0x00000000f3700000, 0x0000000100000000)
  eden space 133120K, 0% used [0x00000000eab00000,0x00000000eab00000,0x00000000f2d00000)
  from space 5120K, 99% used [0x00000000f3200000,0x00000000f36ffa70,0x00000000f3700000)
  to   space 5120K, 0% used [0x00000000f2d00000,0x00000000f2d00000,0x00000000f3200000)
 ParOldGen       total 87552K, used 24331K [0x00000000c0000000, 0x00000000c5580000, 0x00000000eab00000)
  object space 87552K, 27% used [0x00000000c0000000,0x00000000c17c2e08,0x00000000c5580000)
 Metaspace       used 6424K, capacity 7192K, committed 7424K, reserved 1056768K
  class space    used 625K, capacity 656K, committed 768K, reserved 1048576K
}

Deoptimization events (10 events):
Event: 15.458 Thread 0x000000001672b000 Uncommon trap: reason=class_check action=maybe_recompile pc=0x0000000002e440c8 method=java.util.Arrays.hashCode([Ljava/lang/Object;)I @ 43
Event: 15.458 Thread 0x000000001672b000 Uncommon trap: reason=class_check action=maybe_recompile pc=0x0000000002e2de34 method=java.util.Arrays.hashCode([Ljava/lang/Object;)I @ 43
Event: 17.096 Thread 0x000000001672b000 Uncommon trap: reason=speculate_class_check action=maybe_recompile pc=0x0000000002d899dc method=com.android.dx.util.FixedSizeList.equals(Ljava/lang/Object;)Z @ 25
Event: 17.096 Thread 0x000000001672b000 Uncommon trap: reason=unstable_if action=reinterpret pc=0x0000000002d822d4 method=java.util.Arrays.equals([Ljava/lang/Object;[Ljava/lang/Object;)Z @ 23
Event: 17.164 Thread 0x000000001672b000 Uncommon trap: reason=speculate_class_check action=maybe_recompile pc=0x0000000002d899dc method=com.android.dx.util.FixedSizeList.equals(Ljava/lang/Object;)Z @ 25
Event: 17.164 Thread 0x000000001672b000 Uncommon trap: reason=speculate_class_check action=maybe_recompile pc=0x0000000002d899dc method=com.android.dx.util.FixedSizeList.equals(Ljava/lang/Object;)Z @ 25
Event: 17.164 Thread 0x000000001672b000 Uncommon trap: reason=speculate_class_check action=maybe_recompile pc=0x0000000002d899dc method=com.android.dx.util.FixedSizeList.equals(Ljava/lang/Object;)Z @ 25
Event: 17.736 Thread 0x000000001672b000 Uncommon trap: reason=unstable_if action=reinterpret pc=0x00000000030520ac method=java.util.TreeMap.put(Ljava/lang/Object;Ljava/lang/Object;)Ljava/lang/Object; @ 163
Event: 17.738 Thread 0x000000001672b000 Uncommon trap: reason=unstable_if action=reinterpret pc=0x000000000313ff10 method=com.android.dx.rop.code.RegisterSpecSet.equals(Ljava/lang/Object;)Z @ 30
Event: 17.750 Thread 0x000000001672b000 Uncommon trap: reason=unstable_if action=reinterpret pc=0x00000000034a3220 method=com.android.dx.rop.code.RegisterSpec.matchesVariable(Lcom/android/dx/rop/code/RegisterSpec;)Z @ 59

Internal exceptions (5 events):
Event: 0.076 Thread 0x00000000027d6800 Exception <a 'java/lang/NoSuchMethodError': Method sun.misc.Unsafe.defineClass(Ljava/lang/String;[BII)Ljava/lang/Class; name or signature does not match> (0x00000000eab07cc0) thrown at [C:\re\workspace\8-2-build-windows-amd64-cygwin\jdk8u91\6644\hotspot\srŸQè≥?
Event: 0.076 Thread 0x00000000027d6800 Exception <a 'java/lang/NoSuchMethodError': Method sun.misc.Unsafe.prefetchRead(Ljava/lang/Object;J)V name or signature does not match> (0x00000000eab07fa8) thrown at [C:\re\workspace\8-2-build-windows-amd64-cygwin\jdk8u91\6644\hotspot\src\share\vm\prims\jÒt'ïÅ@
Event: 2.938 Thread 0x00000000027d6800 Exception <a 'java/lang/ArrayIndexOutOfBoundsException': 18> (0x00000000ed6e7ce0) thrown at [C:\re\workspace\8-2-build-windows-amd64-cygwin\jdk8u91\6644\hotspot\src\share\vm\interpreter\interpreterRuntime.cpp, line 366]
Event: 2.939 Thread 0x00000000027d6800 Exception <a 'java/lang/ArrayIndexOutOfBoundsException'> (0x00000000ed6e9860) thrown at [C:\re\workspace\8-2-build-windows-amd64-cygwin\jdk8u91\6644\hotspot\src\share\vm\runtime\sharedRuntime.cpp, line 605]
Event: 2.940 Thread 0x00000000027d6800 Exception <a 'java/lang/ArrayIndexOutOfBoundsException'> (0x00000000ed6eab48) thrown at [C:\re\workspace\8-2-build-windows-amd64-cygwin\jdk8u91\6644\hotspot\src\share\vm\runtime\sharedRuntime.cpp, line 605]

Events (10 events):
Event: 17.888 Thread 0x000000001672b000 DEOPT PACKING pc=0x000000000349de20 sp=0x000000001798eb80
Event: 17.888 Thread 0x000000001672b000 DEOPT UNPACKING pc=0x00000000029c787f sp=0x000000001798e9c8 mode 0
Event: 17.888 Thread 0x000000001672b000 DEOPT PACKING pc=0x0000000003498a9e sp=0x000000001798eb90
Event: 17.888 Thread 0x000000001672b000 DEOPT UNPACKING pc=0x00000000029c787f sp=0x000000001798e8e8 mode 0
Event: 17.894 Thread 0x000000001672b000 DEOPT PACKING pc=0x000000000348e771 sp=0x000000001798ec70
Event: 17.894 Thread 0x000000001672b000 DEOPT UNPACKING pc=0x00000000029c787f sp=0x000000001798e9e8 mode 0
Event: 17.931 Thread 0x000000001672b000 DEOPT PACKING pc=0x000000000348a018 sp=0x000000001798ec50
Event: 17.931 Thread 0x000000001672b000 DEOPT UNPACKING pc=0x00000000029c787f sp=0x000000001798ea18 mode 0
Event: 17.931 Thread 0x000000001672b000 DEOPT PACKING pc=0x000000000349595b sp=0x000000001798ec70
Event: 17.931 Thread 0x000000001672b000 DEOPT UNPACKING pc=0x00000000029c787f sp=0x000000001798e9f0 mode 0


Dynamic libraries:
0x00007ff777400000 - 0x00007ff777437000 	C:\Program Files\Java\jdk1.8.0_91\bin\java.exe
0x00007ffcf1000000 - 0x00007ffcf11ad000 	C:\Windows\SYSTEM32\ntdll.dll
0x00007ffcef600000 - 0x00007ffcef73e000 	C:\Windows\system32\KERNEL32.DLL
0x00007ffcee200000 - 0x00007ffcee315000 	C:\Windows\system32\KERNELBASE.dll
0x00007ffceccd0000 - 0x00007ffcecd5e000 	C:\Windows\system32\apphelp.dll
0x00007ffce1500000 - 0x00007ffce1553000 	C:\Windows\AppPatch\AppPatch64\AcGenral.DLL
0x00007ffcf0c80000 - 0x00007ffcf0d2a000 	C:\Windows\system32\msvcrt.dll
0x00007ffcee500000 - 0x00007ffcee52e000 	C:\Windows\system32\SspiCli.dll
0x00007ffcf0da0000 - 0x00007ffcf0df4000 	C:\Windows\system32\SHLWAPI.dll
0x00007ffceef70000 - 0x00007ffcef0e7000 	C:\Windows\system32\USER32.dll
0x00007ffcef460000 - 0x00007ffcef5f4000 	C:\Windows\system32\ole32.dll
0x00007ffcef740000 - 0x00007ffcf0c6a000 	C:\Windows\system32\SHELL32.dll
0x00007ffced730000 - 0x00007ffced751000 	C:\Windows\SYSTEM32\USERENV.dll
0x00007ffcf0e00000 - 0x00007ffcf0eaa000 	C:\Windows\system32\ADVAPI32.dll
0x00007ffce4590000 - 0x00007ffce45ae000 	C:\Windows\SYSTEM32\MPR.dll
0x00007ffcef0f0000 - 0x00007ffcef230000 	C:\Windows\system32\RPCRT4.dll
0x00007ffcf0d30000 - 0x00007ffcf0d89000 	C:\Windows\SYSTEM32\sechost.dll
0x00007ffcef230000 - 0x00007ffcef441000 	C:\Windows\SYSTEM32\combase.dll
0x00007ffcf0eb0000 - 0x00007ffcf1000000 	C:\Windows\system32\GDI32.dll
0x00007ffcee130000 - 0x00007ffcee145000 	C:\Windows\SYSTEM32\profapi.dll
0x00007ffcc51c0000 - 0x00007ffcc5641000 	C:\Windows\AppPatch\AppPatch64\AcLayers.DLL
0x00007ffce6730000 - 0x00007ffce6733000 	C:\Windows\SYSTEM32\sfc.dll
0x00007ffceb610000 - 0x00007ffceb692000 	C:\Windows\SYSTEM32\WINSPOOL.DRV
0x00007ffce3030000 - 0x00007ffce3042000 	C:\Windows\SYSTEM32\sfc_os.DLL
0x00007ffcecbf0000 - 0x00007ffcecca2000 	C:\Windows\SYSTEM32\SHCORE.dll
0x00007ffcee880000 - 0x00007ffcee8b6000 	C:\Windows\system32\IMM32.DLL
0x00007ffcee8c0000 - 0x00007ffceea12000 	C:\Windows\system32\MSCTF.dll
0x00007ffcee0f0000 - 0x00007ffcee11f000 	C:\Windows\system32\nvinitx.dll
0x00007ffce65f0000 - 0x00007ffce6601000 	C:\Windows\SYSTEM32\SortWindows61.dll
0x00007ffcec090000 - 0x00007ffcec30b000 	C:\Windows\WinSxS\amd64_microsoft.windows.common-controls_6595b64144ccf1df_6.0.9600.18006_none_623f33d3ecbe86e8\COMCTL32.dll
0x0000000062d50000 - 0x0000000062e22000 	C:\Program Files\Java\jdk1.8.0_91\jre\bin\msvcr100.dll
0x00000000624b0000 - 0x0000000062d43000 	C:\Program Files\Java\jdk1.8.0_91\jre\bin\server\jvm.dll
0x00007ffce3c70000 - 0x00007ffce3c79000 	C:\Windows\SYSTEM32\WSOCK32.dll
0x00007ffceb710000 - 0x00007ffceb732000 	C:\Windows\SYSTEM32\WINMM.dll
0x00007ffcec510000 - 0x00007ffcec51a000 	C:\Windows\SYSTEM32\VERSION.dll
0x00007ffcf0c70000 - 0x00007ffcf0c77000 	C:\Windows\system32\PSAPI.DLL
0x00007ffceef10000 - 0x00007ffceef6a000 	C:\Windows\system32\WS2_32.dll
0x00007ffceb5c0000 - 0x00007ffceb5ea000 	C:\Windows\SYSTEM32\WINMMBASE.dll
0x00007ffcf0d90000 - 0x00007ffcf0d99000 	C:\Windows\system32\NSI.dll
0x00007ffcee530000 - 0x00007ffcee57f000 	C:\Windows\SYSTEM32\cfgmgr32.dll
0x00007ffcecf20000 - 0x00007ffcecf48000 	C:\Windows\SYSTEM32\DEVOBJ.dll
0x00000000624a0000 - 0x00000000624af000 	C:\Program Files\Java\jdk1.8.0_91\jre\bin\verify.dll
0x0000000062470000 - 0x0000000062499000 	C:\Program Files\Java\jdk1.8.0_91\jre\bin\java.dll
0x0000000062450000 - 0x0000000062466000 	C:\Program Files\Java\jdk1.8.0_91\jre\bin\zip.dll

VM Arguments:
jvm_args: -Djava.awt.headless=true -Xmx1024M -Dfile.encoding=windows-1250 -Duser.country=PL -Duser.language=pl -Duser.variant 
java_command: com.android.dx.command.Main --dex --force-jumbo --num-threads=4 --multi-dex --output C:\Users\aniook\Desktop\martyna\martyna\app\build\intermediates\transforms\dex\debug\folders\1000\10\com.android.support-appcompat-v7-23.2.1_e39e5df30094b427029a737b53e95ef0646c0d18 C:\Users\aniook\Desktop\martyna\martyna\app\build\intermediates\exploded-aar\com.android.support\appcompat-v7\23.2.1\jars\classes.jar
java_class_path (initial): C:\Users\aniook\AppData\Local\Android\sdk\build-tools\23.0.2\lib\dx.jar
Launcher Type: SUN_STANDARD

Environment Variables:
JAVA_HOME=C:\Program Files\Java\jdk1.8.0_91
PATH=C:\Program Files (x86)\Intel\iCLS Client\;C:\Program Files\Intel\iCLS Client\;C:\ProgramData\Oracle\Java\javapath;C:\Program Files (x86)\NVIDIA Corporation\PhysX\Common;C:\Windows\system32;C:\Windows;C:\Windows\System32\Wbem;C:\Windows\System32\WindowsPowerShell\v1.0\;C:\Program Files (x86)\Intel\OpenCL SDK\2.0\bin\x86;C:\Program Files (x86)\Intel\OpenCL SDK\2.0\bin\x64;C:\Program Files\Intel\WiFi\bin\;C:\Program Files\Common Files\Intel\WirelessCommon\;C:\Program Files (x86)\QuickTime\QTSystem\;C:\Program Files (x86)\Windows Live\Shared;C:\Aldec\Active-HDL 8.3\BIN;;C:\Program Files\Intel\Intel(R) Management Engine Components\DAL;C:\Program Files\Intel\Intel(R) Management Engine Components\IPT;C:\Program Files (x86)\Intel\Intel(R) Management Engine Components\DAL;C:\Program Files (x86)\Intel\Intel(R) Management Engine Components\IPT;C:\Modeltech_xe\win32xoem;.;;.;
USERNAME=aniook
OS=Windows_NT
PROCESSOR_IDENTIFIER=Intel64 Family 6 Model 58 Stepping 9, GenuineIntel



---------------  S Y S T E M  ---------------

OS: Windows 8.1 , 64 bit Build 9600 (6.3.9600.17415)

CPU:total 4 (2 cores per cpu, 2 threads per core) family 6 model 58 stepping 9, cmov, cx8, fxsr, mmx, sse, sse2, sse3, ssse3, sse4.1, sse4.2, popcnt, avx, aes, clmul, erms, ht, tsc, tscinvbit, tscinv

Memory: 4k page, physical 8288616k(865608k free), swap 11047504k(42844k free)

vm_info: Java HotSpot(TM) 64-Bit Server VM (25.91-b14) for windows-amd64 JRE (1.8.0_91-b14), built on Apr  1 2016 00:58:32 by "java_re" with MS VC++ 10.0 (VS2010)

time: Mon May 30 07:19:10 2016
elapsed time: 20 seconds (0d 0h 0m 20s)

