#
# There is insufficient memory for the Java Runtime Environment to continue.
# Native memory allocation (malloc) failed to allocate 781056 bytes for Chunk::new
# Possible reasons:
#   The system is out of physical RAM or swap space
#   In 32 bit mode, the process size limit was hit
# Possible solutions:
#   Reduce memory load on the system
#   Increase physical memory or swap space
#   Check if swap backing store is full
#   Use 64 bit Java on a 64 bit OS
#   Decrease Java heap size (-Xmx/-Xms)
#   Decrease number of Java threads
#   Decrease Java thread stack sizes (-Xss)
#   Set larger code cache with -XX:ReservedCodeCacheSize=
# This output file may be truncated or incomplete.
#
#  Out of Memory Error (allocation.cpp:390), pid=8428, tid=4208
#
# JRE version: Java(TM) SE Runtime Environment (8.0_91-b14) (build 1.8.0_91-b14)
# Java VM: Java HotSpot(TM) 64-Bit Server VM (25.91-b14 mixed mode windows-amd64 compressed oops)
# Failed to write core dump. Minidumps are not enabled by default on client versions of Windows
#

---------------  T H R E A D  ---------------

Current thread (0x0000000016018800):  JavaThread "C2 CompilerThread1" daemon [_thread_in_native, id=4208, stack(0x00000000166a0000,0x00000000167a0000)]

Stack: [0x00000000166a0000,0x00000000167a0000]
[error occurred during error reporting (printing stack bounds), id 0xc0000005]

Native frames: (J=compiled Java code, j=interpreted, Vv=VM code, C=native code)


Current CompileTask:
C2:  19867 2143       4       com.android.dx.ssa.SCCP::simulateBranch (666 bytes)


---------------  P R O C E S S  ---------------

Java Threads: ( => current thread )
  0x000000001603e800 JavaThread "Service Thread" daemon [_thread_blocked, id=8308, stack(0x00000000168a0000,0x00000000169a0000)]
  0x0000000016026800 JavaThread "C1 CompilerThread2" daemon [_thread_blocked, id=8876, stack(0x00000000167a0000,0x00000000168a0000)]
=>0x0000000016018800 JavaThread "C2 CompilerThread1" daemon [_thread_in_native, id=4208, stack(0x00000000166a0000,0x00000000167a0000)]
  0x0000000015fb8800 JavaThread "C2 CompilerThread0" daemon [_thread_in_native, id=8828, stack(0x00000000165a0000,0x00000000166a0000)]
  0x0000000015fb5000 JavaThread "Attach Listener" daemon [_thread_blocked, id=7900, stack(0x00000000164a0000,0x00000000165a0000)]
  0x0000000015fb2800 JavaThread "Signal Dispatcher" daemon [_thread_blocked, id=9200, stack(0x00000000163a0000,0x00000000164a0000)]
  0x0000000014b88000 JavaThread "Finalizer" daemon [_thread_blocked, id=8336, stack(0x0000000015db0000,0x0000000015eb0000)]
  0x0000000014b57000 JavaThread "Reference Handler" daemon [_thread_blocked, id=1932, stack(0x0000000015cb0000,0x0000000015db0000)]
  0x0000000002396800 JavaThread "main" [_thread_in_native, id=2468, stack(0x0000000002290000,0x0000000002390000)]

Other Threads:
  0x0000000014b45800 VMThread [stack: 0x0000000015bb0000,0x0000000015cb0000] [id=8832]
  0x0000000016043800 WatcherThread [stack: 0x00000000169a0000,0x0000000016aa0000] [id=6416]

VM state:not at safepoint (normal execution)

VM Mutex/Monitor currently owned by a thread: None

Heap:
 PSYoungGen      total 71680K, used 69961K [0x00000000eab00000, 0x00000000f3780000, 0x0000000100000000)
  eden space 66560K, 97% used [0x00000000eab00000,0x00000000eea5a5f0,0x00000000eec00000)
  from space 5120K, 99% used [0x00000000eec00000,0x00000000ef0f8100,0x00000000ef100000)
  to   space 21504K, 0% used [0x00000000f2280000,0x00000000f2280000,0x00000000f3780000)
 ParOldGen       total 93696K, used 65315K [0x00000000c0000000, 0x00000000c5b80000, 0x00000000eab00000)
  object space 93696K, 69% used [0x00000000c0000000,0x00000000c3fc8c40,0x00000000c5b80000)
 Metaspace       used 7332K, capacity 7768K, committed 7936K, reserved 1056768K
  class space    used 677K, capacity 720K, committed 768K, reserved 1048576K

Card table byte_map: [0x0000000011850000,0x0000000011a60000] byte_map_base: 0x0000000011250000

Marking Bits: (ParMarkBitMap*) 0x0000000062cc2f70
 Begin Bits: [0x0000000011fc0000, 0x0000000012fc0000)
 End Bits:   [0x0000000012fc0000, 0x0000000013fc0000)

Polling page: 0x0000000002120000

CodeCache: size=245760Kb used=9510Kb max_used=10638Kb free=236250Kb
 bounds [0x0000000002490000, 0x0000000002f00000, 0x0000000011490000]
 total_blobs=2660 nmethods=2382 adapters=189
 compilation: enabled

Compilation events (10 events):
Event: 17.599 Thread 0x0000000016026800 2179       2       com.android.dx.command.dexer.Main::access$2012 (10 bytes)
Event: 17.599 Thread 0x0000000016026800 nmethod 2179 0x0000000002ecaa50 code [0x0000000002ecaba0, 0x0000000002ecacf0]
Event: 17.599 Thread 0x0000000016026800 2180       2       com.android.dx.command.dexer.Main$ClassTranslatorTask::call (5 bytes)
Event: 17.599 Thread 0x0000000016026800 nmethod 2180 0x0000000002ecad90 code [0x0000000002ecaf00, 0x0000000002ecb088]
Event: 17.600 Thread 0x0000000016026800 2181   !   2       java.util.concurrent.LinkedBlockingQueue::take (93 bytes)
Event: 17.601 Thread 0x0000000016026800 nmethod 2181 0x0000000002ecb150 code [0x0000000002ecb3a0, 0x0000000002ecbad8]
Event: 17.601 Thread 0x0000000016026800 2182       2       java.util.concurrent.LinkedBlockingQueue::dequeue (32 bytes)
Event: 17.602 Thread 0x0000000016026800 nmethod 2182 0x0000000002ecc5d0 code [0x0000000002ecc720, 0x0000000002ecc8b0]
Event: 17.602 Thread 0x0000000016026800 2183       2       java.util.concurrent.atomic.AtomicInteger::getAndDecrement (12 bytes)
Event: 17.602 Thread 0x0000000016026800 nmethod 2183 0x0000000002ecc990 code [0x0000000002eccae0, 0x0000000002eccc30]

GC Heap History (10 events):
Event: 3.781 GC heap before
{Heap before GC invocations=1 (full 0):
 PSYoungGen      total 38400K, used 33280K [0x00000000eab00000, 0x00000000ed580000, 0x0000000100000000)
  eden space 33280K, 100% used [0x00000000eab00000,0x00000000ecb80000,0x00000000ecb80000)
  from space 5120K, 0% used [0x00000000ed080000,0x00000000ed080000,0x00000000ed580000)
  to   space 5120K, 0% used [0x00000000ecb80000,0x00000000ecb80000,0x00000000ed080000)
 ParOldGen       total 87552K, used 0K [0x00000000c0000000, 0x00000000c5580000, 0x00000000eab00000)
  object space 87552K, 0% used [0x00000000c0000000,0x00000000c0000000,0x00000000c5580000)
 Metaspace       used 5976K, capacity 6896K, committed 7040K, reserved 1056768K
  class space    used 602K, capacity 616K, committed 640K, reserved 1048576K
Event: 4.007 GC heap after
Heap after GC invocations=1 (full 0):
 PSYoungGen      total 38400K, used 4954K [0x00000000eab00000, 0x00000000ef600000, 0x0000000100000000)
  eden space 33280K, 0% used [0x00000000eab00000,0x00000000eab00000,0x00000000ecb80000)
  from space 5120K, 96% used [0x00000000ecb80000,0x00000000ed056aa8,0x00000000ed080000)
  to   space 5120K, 0% used [0x00000000ef100000,0x00000000ef100000,0x00000000ef600000)
 ParOldGen       total 87552K, used 16K [0x00000000c0000000, 0x00000000c5580000, 0x00000000eab00000)
  object space 87552K, 0% used [0x00000000c0000000,0x00000000c0004000,0x00000000c5580000)
 Metaspace       used 5976K, capacity 6896K, committed 7040K, reserved 1056768K
  class space    used 602K, capacity 616K, committed 640K, reserved 1048576K
}
Event: 10.177 GC heap before
{Heap before GC invocations=2 (full 0):
 PSYoungGen      total 38400K, used 38234K [0x00000000eab00000, 0x00000000ef600000, 0x0000000100000000)
  eden space 33280K, 100% used [0x00000000eab00000,0x00000000ecb80000,0x00000000ecb80000)
  from space 5120K, 96% used [0x00000000ecb80000,0x00000000ed056aa8,0x00000000ed080000)
  to   space 5120K, 0% used [0x00000000ef100000,0x00000000ef100000,0x00000000ef600000)
 ParOldGen       total 87552K, used 16K [0x00000000c0000000, 0x00000000c5580000, 0x00000000eab00000)
  object space 87552K, 0% used [0x00000000c0000000,0x00000000c0004000,0x00000000c5580000)
 Metaspace       used 6194K, capacity 7026K, committed 7296K, reserved 1056768K
  class space    used 604K, capacity 618K, committed 640K, reserved 1048576K
Event: 10.926 GC heap after
Heap after GC invocations=2 (full 0):
 PSYoungGen      total 71680K, used 5104K [0x00000000eab00000, 0x00000000ef600000, 0x0000000100000000)
  eden space 66560K, 0% used [0x00000000eab00000,0x00000000eab00000,0x00000000eec00000)
  from space 5120K, 99% used [0x00000000ef100000,0x00000000ef5fc058,0x00000000ef600000)
  to   space 5120K, 0% used [0x00000000eec00000,0x00000000eec00000,0x00000000ef100000)
 ParOldGen       total 87552K, used 2831K [0x00000000c0000000, 0x00000000c5580000, 0x00000000eab00000)
  object space 87552K, 3% used [0x00000000c0000000,0x00000000c02c3cd8,0x00000000c5580000)
 Metaspace       used 6194K, capacity 7026K, committed 7296K, reserved 1056768K
  class space    used 604K, capacity 618K, committed 640K, reserved 1048576K
}
Event: 14.559 GC heap before
{Heap before GC invocations=3 (full 0):
 PSYoungGen      total 71680K, used 71664K [0x00000000eab00000, 0x00000000ef600000, 0x0000000100000000)
  eden space 66560K, 100% used [0x00000000eab00000,0x00000000eec00000,0x00000000eec00000)
  from space 5120K, 99% used [0x00000000ef100000,0x00000000ef5fc058,0x00000000ef600000)
  to   space 5120K, 0% used [0x00000000eec00000,0x00000000eec00000,0x00000000ef100000)
 ParOldGen       total 87552K, used 2831K [0x00000000c0000000, 0x00000000c5580000, 0x00000000eab00000)
  object space 87552K, 3% used [0x00000000c0000000,0x00000000c02c3cd8,0x00000000c5580000)
 Metaspace       used 6312K, capacity 7154K, committed 7296K, reserved 1056768K
  class space    used 606K, capacity 618K, committed 640K, reserved 1048576K
Event: 14.609 GC heap after
Heap after GC invocations=3 (full 0):
 PSYoungGen      total 71680K, used 5103K [0x00000000eab00000, 0x00000000ef600000, 0x0000000100000000)
  eden space 66560K, 0% used [0x00000000eab00000,0x00000000eab00000,0x00000000eec00000)
  from space 5120K, 99% used [0x00000000eec00000,0x00000000ef0fbf68,0x00000000ef100000)
  to   space 5120K, 0% used [0x00000000ef100000,0x00000000ef100000,0x00000000ef600000)
 ParOldGen       total 87552K, used 12722K [0x00000000c0000000, 0x00000000c5580000, 0x00000000eab00000)
  object space 87552K, 14% used [0x00000000c0000000,0x00000000c0c6cb78,0x00000000c5580000)
 Metaspace       used 6312K, capacity 7154K, committed 7296K, reserved 1056768K
  class space    used 606K, capacity 618K, committed 640K, reserved 1048576K
}
Event: 16.167 GC heap before
{Heap before GC invocations=4 (full 0):
 PSYoungGen      total 71680K, used 71663K [0x00000000eab00000, 0x00000000ef600000, 0x0000000100000000)
  eden space 66560K, 100% used [0x00000000eab00000,0x00000000eec00000,0x00000000eec00000)
  from space 5120K, 99% used [0x00000000eec00000,0x00000000ef0fbf68,0x00000000ef100000)
  to   space 5120K, 0% used [0x00000000ef100000,0x00000000ef100000,0x00000000ef600000)
 ParOldGen       total 87552K, used 12722K [0x00000000c0000000, 0x00000000c5580000, 0x00000000eab00000)
  object space 87552K, 14% used [0x00000000c0000000,0x00000000c0c6cb78,0x00000000c5580000)
 Metaspace       used 6424K, capacity 7218K, committed 7296K, reserved 1056768K
  class space    used 606K, capacity 618K, committed 640K, reserved 1048576K
Event: 16.357 GC heap after
Heap after GC invocations=4 (full 0):
 PSYoungGen      total 71680K, used 5106K [0x00000000eab00000, 0x00000000f3700000, 0x0000000100000000)
  eden space 66560K, 0% used [0x00000000eab00000,0x00000000eab00000,0x00000000eec00000)
  from space 5120K, 99% used [0x00000000ef100000,0x00000000ef5fcae8,0x00000000ef600000)
  to   space 5120K, 0% used [0x00000000eec00000,0x00000000eec00000,0x00000000ef100000)
 ParOldGen       total 87552K, used 23157K [0x00000000c0000000, 0x00000000c5580000, 0x00000000eab00000)
  object space 87552K, 26% used [0x00000000c0000000,0x00000000c169d5a0,0x00000000c5580000)
 Metaspace       used 6424K, capacity 7218K, committed 7296K, reserved 1056768K
  class space    used 606K, capacity 618K, committed 640K, reserved 1048576K
}
Event: 17.404 GC heap before
{Heap before GC invocations=5 (full 0):
 PSYoungGen      total 71680K, used 71666K [0x00000000eab00000, 0x00000000f3700000, 0x0000000100000000)
  eden space 66560K, 100% used [0x00000000eab00000,0x00000000eec00000,0x00000000eec00000)
  from space 5120K, 99% used [0x00000000ef100000,0x00000000ef5fcae8,0x00000000ef600000)
  to   space 5120K, 0% used [0x00000000eec00000,0x00000000eec00000,0x00000000ef100000)
 ParOldGen       total 87552K, used 23157K [0x00000000c0000000, 0x00000000c5580000, 0x00000000eab00000)
  object space 87552K, 26% used [0x00000000c0000000,0x00000000c169d5a0,0x00000000c5580000)
 Metaspace       used 6451K, capacity 7218K, committed 7296K, reserved 1056768K
  class space    used 606K, capacity 618K, committed 640K, reserved 1048576K
Event: 17.561 GC heap after
Heap after GC invocations=5 (full 0):
 PSYoungGen      total 71680K, used 5106K [0x00000000eab00000, 0x00000000f3700000, 0x0000000100000000)
  eden space 66560K, 0% used [0x00000000eab00000,0x00000000eab00000,0x00000000eec00000)
  from space 5120K, 99% used [0x00000000eec00000,0x00000000ef0fc878,0x00000000ef100000)
  to   space 5120K, 0% used [0x00000000ef100000,0x00000000ef100000,0x00000000ef600000)
 ParOldGen       total 87552K, used 34081K [0x00000000c0000000, 0x00000000c5580000, 0x00000000eab00000)
  object space 87552K, 38% used [0x00000000c0000000,0x00000000c21484c0,0x00000000c5580000)
 Metaspace       used 6451K, capacity 7218K, committed 7296K, reserved 1056768K
  class space    used 606K, capacity 618K, committed 640K, reserved 1048576K
}

Deoptimization events (10 events):
Event: 15.815 Thread 0x0000000016c2c800 Uncommon trap: reason=bimorphic action=maybe_recompile pc=0x00000000029bfd10 method=com.android.dx.ssa.LiteralOpUpgrader.tryReplacingWithConstant(Lcom/android/dx/ssa/NormalSsaInsn;)Z @ 52
Event: 15.926 Thread 0x0000000002396800 Uncommon trap: reason=unloaded action=reinterpret pc=0x0000000002c9ff8c method=com.android.dx.cf.cst.ConstantPoolParser.parse0(ILjava/util/BitSet;)Lcom/android/dx/rop/cst/Constant; @ 220
Event: 15.930 Thread 0x0000000016c32000 Uncommon trap: reason=unstable_if action=reinterpret pc=0x0000000002bebe18 method=com.android.dx.ssa.SCCP.simulateStmt(Lcom/android/dx/ssa/SsaInsn;)V @ 53
Event: 15.934 Thread 0x0000000016c32000 Uncommon trap: reason=unstable_if action=reinterpret pc=0x0000000002c8d044 method=com.android.dx.ssa.SCCP.simulateBranch(Lcom/android/dx/ssa/SsaInsn;)V @ 548
Event: 15.937 Thread 0x0000000016c32000 Uncommon trap: reason=class_check action=maybe_recompile pc=0x0000000002ae8384 method=java.util.HashMap.putVal(ILjava/lang/Object;Ljava/lang/Object;ZZ)Ljava/lang/Object; @ 203
Event: 16.390 Thread 0x0000000016c32000 Uncommon trap: reason=class_check action=maybe_recompile pc=0x0000000002df7f18 method=com.android.dx.cf.code.BytecodeArray.parseInstruction(ILcom/android/dx/cf/code/BytecodeArray$Visitor;)I @ 1287
Event: 16.390 Thread 0x0000000016c32000 Uncommon trap: reason=class_check action=maybe_recompile pc=0x0000000002df7f18 method=com.android.dx.cf.code.BytecodeArray.parseInstruction(ILcom/android/dx/cf/code/BytecodeArray$Visitor;)I @ 1287
Event: 16.391 Thread 0x0000000016c32000 Uncommon trap: reason=class_check action=maybe_recompile pc=0x0000000002df7f18 method=com.android.dx.cf.code.BytecodeArray.parseInstruction(ILcom/android/dx/cf/code/BytecodeArray$Visitor;)I @ 1287
Event: 16.654 Thread 0x0000000002396800 Uncommon trap: reason=unstable_if action=reinterpret pc=0x00000000029cceac method=com.android.dx.rop.code.LocalItem.compareHandlesNulls(Lcom/android/dx/rop/cst/CstString;Lcom/android/dx/rop/cst/CstString;)I @ 14
Event: 17.043 Thread 0x0000000016c33800 Uncommon trap: reason=unstable_if action=reinterpret pc=0x00000000029c8fa4 method=com.android.dx.rop.code.LocalItem.compareHandlesNulls(Lcom/android/dx/rop/cst/CstString;Lcom/android/dx/rop/cst/CstString;)I @ 14

Internal exceptions (5 events):
Event: 0.052 Thread 0x0000000002396800 Exception <a 'java/lang/NoSuchMethodError': Method sun.misc.Unsafe.defineClass(Ljava/lang/String;[BII)Ljava/lang/Class; name or signature does not match> (0x00000000eab07cc0) thrown at [C:\re\workspace\8-2-build-windows-amd64-cygwin\jdk8u91\6644\hotspot\srÁD®;`‡ª?
Event: 0.052 Thread 0x0000000002396800 Exception <a 'java/lang/NoSuchMethodError': Method sun.misc.Unsafe.prefetchRead(Ljava/lang/Object;J)V name or signature does not match> (0x00000000eab07fa8) thrown at [C:\re\workspace\8-2-build-windows-amd64-cygwin\jdk8u91\6644\hotspot\src\share\vm\prims\j’˜Pö…È@
Event: 7.196 Thread 0x0000000016c2c800 Implicit null exception at 0x0000000002963762 to 0x0000000002963861
Event: 16.654 Thread 0x0000000002396800 Implicit null exception at 0x00000000029cb9a1 to 0x00000000029cce79
Event: 17.043 Thread 0x0000000016c33800 Implicit null exception at 0x00000000029c7947 to 0x00000000029c8f7d

Events (10 events):
Event: 17.142 Thread 0x0000000016336000 DEOPT PACKING pc=0x00000000028c6041 sp=0x000000001789ec30
Event: 17.142 Thread 0x0000000016336000 DEOPT UNPACKING pc=0x00000000024d787f sp=0x000000001789ea10 mode 0
Event: 17.393 Thread 0x0000000016c2c800 DEOPT PACKING pc=0x00000000029506da sp=0x000000001749e600
Event: 17.393 Thread 0x0000000016c2c800 DEOPT UNPACKING pc=0x00000000024d787f sp=0x000000001749e370 mode 0
Event: 17.393 Thread 0x0000000016c2c800 DEOPT PACKING pc=0x000000000295877d sp=0x000000001749e6a0
Event: 17.393 Thread 0x0000000016c2c800 DEOPT UNPACKING pc=0x00000000024d787f sp=0x000000001749e450 mode 0
Event: 17.404 Executing VM operation: ParallelGCFailedAllocation
Event: 17.561 Executing VM operation: ParallelGCFailedAllocation done
Event: 17.602 Thread 0x0000000016c2c800 DEOPT PACKING pc=0x00000000028cb041 sp=0x000000001749e8a0
Event: 17.602 Thread 0x0000000016c2c800 DEOPT UNPACKING pc=0x00000000024d787f sp=0x000000001749e630 mode 0


Dynamic libraries:
0x00007ff777400000 - 0x00007ff777437000 	C:\Program Files\Java\jdk1.8.0_91\bin\java.exe
0x00007ffcf1000000 - 0x00007ffcf11ad000 	C:\Windows\SYSTEM32\ntdll.dll
0x00007ffcef600000 - 0x00007ffcef73e000 	C:\Windows\system32\KERNEL32.DLL
0x00007ffcee200000 - 0x00007ffcee315000 	C:\Windows\system32\KERNELBASE.dll
0x00007ffceccd0000 - 0x00007ffcecd5e000 	C:\Windows\system32\apphelp.dll
0x00007ffce1500000 - 0x00007ffce1553000 	C:\Windows\AppPatch\AppPatch64\AcGenral.DLL
0x00007ffcf0c80000 - 0x00007ffcf0d2a000 	C:\Windows\system32\msvcrt.dll
0x00007ffcee500000 - 0x00007ffcee52e000 	C:\Windows\system32\SspiCli.dll
0x00007ffcf0da0000 - 0x00007ffcf0df4000 	C:\Windows\system32\SHLWAPI.dll
0x00007ffceef70000 - 0x00007ffcef0e7000 	C:\Windows\system32\USER32.dll
0x00007ffcef460000 - 0x00007ffcef5f4000 	C:\Windows\system32\ole32.dll
0x00007ffcef740000 - 0x00007ffcf0c6a000 	C:\Windows\system32\SHELL32.dll
0x00007ffced730000 - 0x00007ffced751000 	C:\Windows\SYSTEM32\USERENV.dll
0x00007ffcf0e00000 - 0x00007ffcf0eaa000 	C:\Windows\system32\ADVAPI32.dll
0x00007ffce4590000 - 0x00007ffce45ae000 	C:\Windows\SYSTEM32\MPR.dll
0x00007ffcef0f0000 - 0x00007ffcef230000 	C:\Windows\system32\RPCRT4.dll
0x00007ffcf0d30000 - 0x00007ffcf0d89000 	C:\Windows\SYSTEM32\sechost.dll
0x00007ffcef230000 - 0x00007ffcef441000 	C:\Windows\SYSTEM32\combase.dll
0x00007ffcf0eb0000 - 0x00007ffcf1000000 	C:\Windows\system32\GDI32.dll
0x00007ffcee130000 - 0x00007ffcee145000 	C:\Windows\SYSTEM32\profapi.dll
0x00007ffcc51c0000 - 0x00007ffcc5641000 	C:\Windows\AppPatch\AppPatch64\AcLayers.DLL
0x00007ffce6730000 - 0x00007ffce6733000 	C:\Windows\SYSTEM32\sfc.dll
0x00007ffceb610000 - 0x00007ffceb692000 	C:\Windows\SYSTEM32\WINSPOOL.DRV
0x00007ffce3030000 - 0x00007ffce3042000 	C:\Windows\SYSTEM32\sfc_os.DLL
0x00007ffcecbf0000 - 0x00007ffcecca2000 	C:\Windows\SYSTEM32\SHCORE.dll
0x00007ffcee880000 - 0x00007ffcee8b6000 	C:\Windows\system32\IMM32.DLL
0x00007ffcee8c0000 - 0x00007ffceea12000 	C:\Windows\system32\MSCTF.dll
0x00007ffcee0f0000 - 0x00007ffcee11f000 	C:\Windows\system32\nvinitx.dll
0x00007ffce65f0000 - 0x00007ffce6601000 	C:\Windows\SYSTEM32\SortWindows61.dll
0x00007ffcec090000 - 0x00007ffcec30b000 	C:\Windows\WinSxS\amd64_microsoft.windows.common-controls_6595b64144ccf1df_6.0.9600.18006_none_623f33d3ecbe86e8\COMCTL32.dll
0x0000000062d50000 - 0x0000000062e22000 	C:\Program Files\Java\jdk1.8.0_91\jre\bin\msvcr100.dll
0x00000000624b0000 - 0x0000000062d43000 	C:\Program Files\Java\jdk1.8.0_91\jre\bin\server\jvm.dll
0x00007ffce3c70000 - 0x00007ffce3c79000 	C:\Windows\SYSTEM32\WSOCK32.dll
0x00007ffceb710000 - 0x00007ffceb732000 	C:\Windows\SYSTEM32\WINMM.dll
0x00007ffcec510000 - 0x00007ffcec51a000 	C:\Windows\SYSTEM32\VERSION.dll
0x00007ffcf0c70000 - 0x00007ffcf0c77000 	C:\Windows\system32\PSAPI.DLL
0x00007ffceef10000 - 0x00007ffceef6a000 	C:\Windows\system32\WS2_32.dll
0x00007ffceb5c0000 - 0x00007ffceb5ea000 	C:\Windows\SYSTEM32\WINMMBASE.dll
0x00007ffcf0d90000 - 0x00007ffcf0d99000 	C:\Windows\system32\NSI.dll
0x00007ffcee530000 - 0x00007ffcee57f000 	C:\Windows\SYSTEM32\cfgmgr32.dll
0x00007ffcecf20000 - 0x00007ffcecf48000 	C:\Windows\SYSTEM32\DEVOBJ.dll
0x00000000624a0000 - 0x00000000624af000 	C:\Program Files\Java\jdk1.8.0_91\jre\bin\verify.dll
0x0000000062470000 - 0x0000000062499000 	C:\Program Files\Java\jdk1.8.0_91\jre\bin\java.dll
0x0000000062450000 - 0x0000000062466000 	C:\Program Files\Java\jdk1.8.0_91\jre\bin\zip.dll

VM Arguments:
jvm_args: -Djava.awt.headless=true -Xmx1024M -Dfile.encoding=windows-1250 -Duser.country=PL -Duser.language=pl -Duser.variant 
java_command: com.android.dx.command.Main --dex --force-jumbo --num-threads=4 --multi-dex --output C:\Users\aniook\Desktop\martyna\martyna\app\build\intermediates\transforms\dex\debug\folders\1000\10\com.android.support-support-v4-23.2.1_7626d108e2b6f40797df90dc84f178381f63fed8 C:\Users\aniook\Desktop\martyna\martyna\app\build\intermediates\exploded-aar\com.android.support\support-v4\23.2.1\jars\classes.jar
java_class_path (initial): C:\Users\aniook\AppData\Local\Android\sdk\build-tools\23.0.2\lib\dx.jar
Launcher Type: SUN_STANDARD

Environment Variables:
JAVA_HOME=C:\Program Files\Java\jdk1.8.0_91
PATH=C:\Program Files (x86)\Intel\iCLS Client\;C:\Program Files\Intel\iCLS Client\;C:\ProgramData\Oracle\Java\javapath;C:\Program Files (x86)\NVIDIA Corporation\PhysX\Common;C:\Windows\system32;C:\Windows;C:\Windows\System32\Wbem;C:\Windows\System32\WindowsPowerShell\v1.0\;C:\Program Files (x86)\Intel\OpenCL SDK\2.0\bin\x86;C:\Program Files (x86)\Intel\OpenCL SDK\2.0\bin\x64;C:\Program Files\Intel\WiFi\bin\;C:\Program Files\Common Files\Intel\WirelessCommon\;C:\Program Files (x86)\QuickTime\QTSystem\;C:\Program Files (x86)\Windows Live\Shared;C:\Aldec\Active-HDL 8.3\BIN;;C:\Program Files\Intel\Intel(R) Management Engine Components\DAL;C:\Program Files\Intel\Intel(R) Management Engine Components\IPT;C:\Program Files (x86)\Intel\Intel(R) Management Engine Components\DAL;C:\Program Files (x86)\Intel\Intel(R) Management Engine Components\IPT;C:\Modeltech_xe\win32xoem;.;;.;
USERNAME=aniook
OS=Windows_NT
PROCESSOR_IDENTIFIER=Intel64 Family 6 Model 58 Stepping 9, GenuineIntel



---------------  S Y S T E M  ---------------

OS: Windows 8.1 , 64 bit Build 9600 (6.3.9600.17415)

CPU:total 4 (2 cores per cpu, 2 threads per core) family 6 model 58 stepping 9, cmov, cx8, fxsr, mmx, sse, sse2, sse3, ssse3, sse4.1, sse4.2, popcnt, avx, aes, clmul, erms, ht, tsc, tscinvbit, tscinv

Memory: 4k page, physical 8288616k(865608k free), swap 11047504k(42844k free)

vm_info: Java HotSpot(TM) 64-Bit Server VM (25.91-b14) for windows-amd64 JRE (1.8.0_91-b14), built on Apr  1 2016 00:58:32 by "java_re" with MS VC++ 10.0 (VS2010)

time: Mon May 30 07:19:10 2016
elapsed time: 20 seconds (0d 0h 0m 20s)

